This is pdfTeX, Version 3.14159265-2.6-1.40.20 (TeX Live 2019/Debian) (preloaded format=pdflatex 2020.5.12)  21 SEP 2020 17:17
entering extended mode
 restricted \write18 enabled.
 %&-line parsing enabled.
**DBT_fragenkatalog_ausarbeitung.tex
(./DBT_fragenkatalog_ausarbeitung.tex
LaTeX2e <2018-12-01>
(/usr/share/texlive/texmf-dist/tex/latex/base/article.cls
Document Class: article 2018/09/03 v1.4i Standard LaTeX document class
(/usr/share/texlive/texmf-dist/tex/latex/base/size12.clo
File: size12.clo 2018/09/03 v1.4i Standard LaTeX file (size option)
)
\c@part=\count80
\c@section=\count81
\c@subsection=\count82
\c@subsubsection=\count83
\c@paragraph=\count84
\c@subparagraph=\count85
\c@figure=\count86
\c@table=\count87
\abovecaptionskip=\skip41
\belowcaptionskip=\skip42
\bibindent=\dimen102
)
(/usr/share/texlive/texmf-dist/tex/latex/amsmath/amsmath.sty
Package: amsmath 2018/12/01 v2.17b AMS math features
\@mathmargin=\skip43

For additional information on amsmath, use the `?' option.
(/usr/share/texlive/texmf-dist/tex/latex/amsmath/amstext.sty
Package: amstext 2000/06/29 v2.01 AMS text

(/usr/share/texlive/texmf-dist/tex/latex/amsmath/amsgen.sty
File: amsgen.sty 1999/11/30 v2.0 generic functions
\@emptytoks=\toks14
\ex@=\dimen103
))
(/usr/share/texlive/texmf-dist/tex/latex/amsmath/amsbsy.sty
Package: amsbsy 1999/11/29 v1.2d Bold Symbols
\pmbraise@=\dimen104
)
(/usr/share/texlive/texmf-dist/tex/latex/amsmath/amsopn.sty
Package: amsopn 2016/03/08 v2.02 operator names
)
\inf@bad=\count88
LaTeX Info: Redefining \frac on input line 223.
\uproot@=\count89
\leftroot@=\count90
LaTeX Info: Redefining \overline on input line 385.
\classnum@=\count91
\DOTSCASE@=\count92
LaTeX Info: Redefining \ldots on input line 482.
LaTeX Info: Redefining \dots on input line 485.
LaTeX Info: Redefining \cdots on input line 606.
\Mathstrutbox@=\box27
\strutbox@=\box28
\big@size=\dimen105
LaTeX Font Info:    Redeclaring font encoding OML on input line 729.
LaTeX Font Info:    Redeclaring font encoding OMS on input line 730.
\macc@depth=\count93
\c@MaxMatrixCols=\count94
\dotsspace@=\muskip10
\c@parentequation=\count95
\dspbrk@lvl=\count96
\tag@help=\toks15
\row@=\count97
\column@=\count98
\maxfields@=\count99
\andhelp@=\toks16
\eqnshift@=\dimen106
\alignsep@=\dimen107
\tagshift@=\dimen108
\tagwidth@=\dimen109
\totwidth@=\dimen110
\lineht@=\dimen111
\@envbody=\toks17
\multlinegap=\skip44
\multlinetaggap=\skip45
\mathdisplay@stack=\toks18
LaTeX Info: Redefining \[ on input line 2844.
LaTeX Info: Redefining \] on input line 2845.
)
(/usr/share/texlive/texmf-dist/tex/latex/amsfonts/amssymb.sty
Package: amssymb 2013/01/14 v3.01 AMS font symbols

(/usr/share/texlive/texmf-dist/tex/latex/amsfonts/amsfonts.sty
Package: amsfonts 2013/01/14 v3.01 Basic AMSFonts support
\symAMSa=\mathgroup4
\symAMSb=\mathgroup5
LaTeX Font Info:    Overwriting math alphabet `\mathfrak' in version `bold'
(Font)                  U/euf/m/n --> U/euf/b/n on input line 106.
))
(/usr/share/texlive/texmf-dist/tex/latex/amscls/amsthm.sty
Package: amsthm 2017/10/31 v2.20.4
\thm@style=\toks19
\thm@bodyfont=\toks20
\thm@headfont=\toks21
\thm@notefont=\toks22
\thm@headpunct=\toks23
\thm@preskip=\skip46
\thm@postskip=\skip47
\thm@headsep=\skip48
\dth@everypar=\toks24
)
(/usr/share/texlive/texmf-dist/tex/latex/graphics/graphics.sty
Package: graphics 2017/06/25 v1.2c Standard LaTeX Graphics (DPC,SPQR)

(/usr/share/texlive/texmf-dist/tex/latex/graphics/trig.sty
Package: trig 2016/01/03 v1.10 sin cos tan (DPC)
)
(/usr/share/texlive/texmf-dist/tex/latex/graphics-cfg/graphics.cfg
File: graphics.cfg 2016/06/04 v1.11 sample graphics configuration
)
Package graphics Info: Driver file: pdftex.def on input line 99.

(/usr/share/texlive/texmf-dist/tex/latex/graphics-def/pdftex.def
File: pdftex.def 2018/01/08 v1.0l Graphics/color driver for pdftex
))
(/usr/share/texlive/texmf-dist/tex/latex/listings/listings.sty
(/usr/share/texlive/texmf-dist/tex/latex/graphics/keyval.sty
Package: keyval 2014/10/28 v1.15 key=value parser (DPC)
\KV@toks@=\toks25
)
\lst@mode=\count100
\lst@gtempboxa=\box29
\lst@token=\toks26
\lst@length=\count101
\lst@currlwidth=\dimen112
\lst@column=\count102
\lst@pos=\count103
\lst@lostspace=\dimen113
\lst@width=\dimen114
\lst@newlines=\count104
\lst@lineno=\count105
\lst@maxwidth=\dimen115

(/usr/share/texlive/texmf-dist/tex/latex/listings/lstmisc.sty
File: lstmisc.sty 2019/02/27 1.8b (Carsten Heinz)
\c@lstnumber=\count106
\lst@skipnumbers=\count107
\lst@framebox=\box30
)
(/usr/share/texlive/texmf-dist/tex/latex/listings/listings.cfg
File: listings.cfg 2019/02/27 1.8b listings configuration
))
Package: listings 2019/02/27 1.8b (Carsten Heinz)

(/usr/share/texlive/texmf-dist/tex/latex/oberdiek/grffile.sty
Package: grffile 2017/06/30 v1.18 Extended file name support for graphics (HO)

(/usr/share/texlive/texmf-dist/tex/generic/oberdiek/ifpdf.sty
Package: ifpdf 2018/09/07 v3.3 Provides the ifpdf switch
)
(/usr/share/texlive/texmf-dist/tex/generic/ifxetex/ifxetex.sty
Package: ifxetex 2010/09/12 v0.6 Provides ifxetex conditional
)
(/usr/share/texlive/texmf-dist/tex/latex/oberdiek/kvoptions.sty
Package: kvoptions 2016/05/16 v3.12 Key value format for package options (HO)

(/usr/share/texlive/texmf-dist/tex/generic/oberdiek/ltxcmds.sty
Package: ltxcmds 2016/05/16 v1.23 LaTeX kernel commands for general use (HO)
)
(/usr/share/texlive/texmf-dist/tex/generic/oberdiek/kvsetkeys.sty
Package: kvsetkeys 2016/05/16 v1.17 Key value parser (HO)

(/usr/share/texlive/texmf-dist/tex/generic/oberdiek/infwarerr.sty
Package: infwarerr 2016/05/16 v1.4 Providing info/warning/error messages (HO)
)
(/usr/share/texlive/texmf-dist/tex/generic/oberdiek/etexcmds.sty
Package: etexcmds 2016/05/16 v1.6 Avoid name clashes with e-TeX commands (HO)

(/usr/share/texlive/texmf-dist/tex/generic/oberdiek/ifluatex.sty
Package: ifluatex 2016/05/16 v1.4 Provides the ifluatex switch (HO)
Package ifluatex Info: LuaTeX not detected.
))))
(/usr/share/texlive/texmf-dist/tex/generic/oberdiek/pdftexcmds.sty
Package: pdftexcmds 2018/09/10 v0.29 Utility functions of pdfTeX for LuaTeX (HO
)
Package pdftexcmds Info: LuaTeX not detected.
Package pdftexcmds Info: \pdf@primitive is available.
Package pdftexcmds Info: \pdf@ifprimitive is available.
Package pdftexcmds Info: \pdfdraftmode found.
)
Package grffile Info: Option `multidot' is set to `true'.
Package grffile Info: Option `extendedchars' is set to `false'.
Package grffile Info: Option `space' is set to `true'.
)
(/usr/share/texlive/texmf-dist/tex/latex/graphics/graphicx.sty
Package: graphicx 2017/06/01 v1.1a Enhanced LaTeX Graphics (DPC,SPQR)
\Gin@req@height=\dimen116
\Gin@req@width=\dimen117
)
\c@theorem=\count108

(./DBT_fragenkatalog_ausarbeitung.aux)
\openout1 = `DBT_fragenkatalog_ausarbeitung.aux'.

LaTeX Font Info:    Checking defaults for OML/cmm/m/it on input line 26.
LaTeX Font Info:    ... okay on input line 26.
LaTeX Font Info:    Checking defaults for T1/cmr/m/n on input line 26.
LaTeX Font Info:    ... okay on input line 26.
LaTeX Font Info:    Checking defaults for OT1/cmr/m/n on input line 26.
LaTeX Font Info:    ... okay on input line 26.
LaTeX Font Info:    Checking defaults for OMS/cmsy/m/n on input line 26.
LaTeX Font Info:    ... okay on input line 26.
LaTeX Font Info:    Checking defaults for OMX/cmex/m/n on input line 26.
LaTeX Font Info:    ... okay on input line 26.
LaTeX Font Info:    Checking defaults for U/cmr/m/n on input line 26.
LaTeX Font Info:    ... okay on input line 26.

(/usr/share/texlive/texmf-dist/tex/context/base/mkii/supp-pdf.mkii
[Loading MPS to PDF converter (version 2006.09.02).]
\scratchcounter=\count109
\scratchdimen=\dimen118
\scratchbox=\box31
\nofMPsegments=\count110
\nofMParguments=\count111
\everyMPshowfont=\toks27
\MPscratchCnt=\count112
\MPscratchDim=\dimen119
\MPnumerator=\count113
\makeMPintoPDFobject=\count114
\everyMPtoPDFconversion=\toks28
) (/usr/share/texlive/texmf-dist/tex/latex/oberdiek/epstopdf-base.sty
Package: epstopdf-base 2016/05/15 v2.6 Base part for package epstopdf

(/usr/share/texlive/texmf-dist/tex/latex/oberdiek/grfext.sty
Package: grfext 2016/05/16 v1.2 Manage graphics extensions (HO)

(/usr/share/texlive/texmf-dist/tex/generic/oberdiek/kvdefinekeys.sty
Package: kvdefinekeys 2016/05/16 v1.4 Define keys (HO)
))
Package epstopdf-base Info: Redefining graphics rule for `.eps' on input line 4
38.
Package grfext Info: Graphics extension search list:
(grfext)             [.pdf,.png,.jpg,.mps,.jpeg,.jbig2,.jb2,.PDF,.PNG,.JPG,.JPE
G,.JBIG2,.JB2,.eps]
(grfext)             \AppendGraphicsExtensions on input line 456.

(/usr/share/texlive/texmf-dist/tex/latex/latexconfig/epstopdf-sys.cfg
File: epstopdf-sys.cfg 2010/07/13 v1.3 Configuration of (r)epstopdf for TeX Liv
e
))
\c@lstlisting=\count115
Package grffile Info: \Gin@ii of package `graphicx' fixed on input line 26.
LaTeX Font Info:    Try loading font information for U+msa on input line 27.

(/usr/share/texlive/texmf-dist/tex/latex/amsfonts/umsa.fd
File: umsa.fd 2013/01/14 v3.01 AMS symbols A
)
LaTeX Font Info:    Try loading font information for U+msb on input line 27.

(/usr/share/texlive/texmf-dist/tex/latex/amsfonts/umsb.fd
File: umsb.fd 2013/01/14 v3.01 AMS symbols B
)
Underfull \hbox (badness 10000) in paragraph at lines 34--35

 []

LaTeX Font Info:    Try loading font information for OMS+cmr on input line 36.
(/usr/share/texlive/texmf-dist/tex/latex/base/omscmr.fd
File: omscmr.fd 2014/09/29 v2.5h Standard LaTeX font definitions
)
LaTeX Font Info:    Font shape `OMS/cmr/m/n' in size <12> not available
(Font)              Font shape `OMS/cmsy/m/n' tried instead on input line 36.

Underfull \hbox (badness 10000) in paragraph at lines 36--42

 []


Underfull \hbox (badness 10000) in paragraph at lines 44--51

 []

[1

{/var/lib/texmf/fonts/map/pdftex/updmap/pdftex.map}]
Underfull \hbox (badness 10000) in paragraph at lines 51--68

 []


Underfull \hbox (badness 10000) in paragraph at lines 51--68

 []


Overfull \hbox (15.02724pt too wide) in paragraph at lines 51--68
\OT1/cmr/m/n/12 -lange Transak-tio-nen ver-wen-den alle Ressourcen(zb. Mem-ory 
buffer). 
 []


Overfull \hbox (2.25005pt too wide) in paragraph at lines 68--69
[]\OT1/cmr/m/n/12 Zeitaufteilung: lange Transak-tio-nen dann laufen lassen wenn
 wenig
 []


Underfull \hbox (badness 10000) in paragraph at lines 68--69

 []


Overfull \hbox (6.0014pt too wide) in paragraph at lines 69--70
[]\OT1/cmr/m/n/12 Platzaufteilung: lange Transak-tio-nen(wenn sie nur gele-sen 
geh^^?oren)
 []


Underfull \hbox (badness 10000) in paragraph at lines 69--70

 []

[2]
Underfull \hbox (badness 10000) in paragraph at lines 70--72

 []

<bottleneck.jpg, id=18, 555.57562pt x 291.33844pt>
File: bottleneck.jpg Graphic file (type jpg)
<use bottleneck.jpg>
Package pdftex.def Info: bottleneck.jpg  used on input line 73.
(pdftex.def)             Requested size: 444.46109pt x 233.07106pt.

Overfull \hbox (109.68547pt too wide) in paragraph at lines 73--74
 [] 
 []


Overfull \hbox (28.41783pt too wide) in paragraph at lines 75--78
[]$[]$ \OT1/cmr/m/n/12 Meis-tens ist die Anstartzeit
 []


Underfull \hbox (badness 10000) in paragraph at lines 75--78

 []


Underfull \hbox (badness 10000) in paragraph at lines 78--82

 []

[3 <./bottleneck.jpg>]
Overfull \hbox (20.54987pt too wide) in paragraph at lines 82--88
[]\OT1/cmr/m/n/12 Netzwerk Latenz: Sehr gro^^Yer Over-head beim senden von Nach
richten.
 []


Underfull \hbox (badness 10000) in paragraph at lines 82--88

 []


Overfull \hbox (34.80666pt too wide) in paragraph at lines 88--91
\OT1/cmr/m/n/12 Kosten: Net-zw-erkverbindung auf-bauen, User best^^?atigen, Ver
bindungspa-
 []


Overfull \hbox (19.37024pt too wide) in paragraph at lines 92--97
\OT1/cmr/m/n/12 wenn Ver^^?anderungen gemacht wer-den. Somit kommt es un-wahrsc
hein-
 []


Overfull \hbox (7.27638pt too wide) in paragraph at lines 92--97
\OT1/cmr/m/n/12 Sachen am Client zu machen die eig auf dem Server erledigt geh^
^?oren. 
 []


Underfull \hbox (badness 10000) in paragraph at lines 92--97

 []


Overfull \hbox (10.72774pt too wide) in paragraph at lines 97--102
\OT1/cmr/m/n/12 Man muss sich im-mer Kon-se-quen-zen be-wusst sein und sich ^^?
uberlegen
 []

[4]
Underfull \hbox (badness 10000) in paragraph at lines 108--110

 []


Overfull \hbox (18.29578pt too wide) in paragraph at lines 110--119
\OT1/cmr/m/n/12 -equivalente Um-for-mung: Ergeben das selbe Ergeb-niss aber die
 Ausf^^?uhrzeit
 []


Underfull \hbox (badness 10000) in paragraph at lines 110--119

 []


Underfull \hbox (badness 10000) in paragraph at lines 119--121

 []


Underfull \hbox (badness 10000) in paragraph at lines 119--121

 []

[5]
<query_tuning.jpg, id=28, 524.71031pt x 294.34969pt>
File: query_tuning.jpg Graphic file (type jpg)
<use query_tuning.jpg>
Package pdftex.def Info: query_tuning.jpg  used on input line 127.
(pdftex.def)             Requested size: 419.7688pt x 235.48006pt.

Overfull \hbox (59.1435pt too wide) in paragraph at lines 127--128
 [] 
 []


Underfull \hbox (badness 10000) in paragraph at lines 139--142

 []

[6 <./query_tuning.jpg>]
Underfull \hbox (badness 10000) in paragraph at lines 166--180

 []


Underfull \hbox (badness 10000) in paragraph at lines 166--180

 []


Overfull \hbox (34.3972pt too wide) in paragraph at lines 166--180
\OT1/cmr/m/n/12 -GROUP BY von zusam-menh^^?angenden at-tributen von der nested 
Query.(diese
 []

[7]
Underfull \hbox (badness 10000) in paragraph at lines 196--197

 []

[8]
Overfull \hbox (3.13522pt too wide) in paragraph at lines 209--211
[]\OT1/cmr/m/it/12 Ordering Query: \OT1/cmr/m/n/12 ord-net die Eintr^^?age nach
 bes-timmten At-tribut Werten. 
 []


Underfull \hbox (badness 10000) in paragraph at lines 214--215

 []


Underfull \hbox (badness 10000) in paragraph at lines 215--217

 []


Underfull \hbox (badness 10000) in paragraph at lines 215--217

 []

[9]
<what_is_an_Index.jpg, id=44, 555.57562pt x 312.41719pt>
File: what_is_an_Index.jpg Graphic file (type jpg)
<use what_is_an_Index.jpg>
Package pdftex.def Info: what_is_an_Index.jpg  used on input line 219.
(pdftex.def)             Requested size: 444.46109pt x 249.93408pt.

Overfull \hbox (83.83578pt too wide) in paragraph at lines 218--232
[] 
 []


Underfull \hbox (badness 10000) in paragraph at lines 218--232

 []


Underfull \hbox (badness 10000) in paragraph at lines 218--232

 []

[10 <./what_is_an_Index.jpg>]
Overfull \hbox (1.70253pt too wide) in paragraph at lines 233--250
[]\OT1/cmr/bx/n/12 What are dense, sparse, clus-ter-ing and non-clustering in-d
exes?
 []


Overfull \hbox (6.88062pt too wide) in paragraph at lines 233--250
\OT1/cmr/m/n/12 -Sparse in-dex: Zeiger zu Fest-plat-ten-spe-icher mit h^^?ochst
ens einem Pointer
 []


Underfull \hbox (badness 10000) in paragraph at lines 233--250

 []


Overfull \hbox (9.90512pt too wide) in paragraph at lines 233--250
\OT1/cmr/m/n/12 Sparse weil es f^^?ur je-den Ein-trag einen gibt. Eine Op-ti-mi
erungsm^^?oglichkeit
 []


Underfull \hbox (badness 10000) in paragraph at lines 233--250

 []


Overfull \hbox (2.0501pt too wide) in paragraph at lines 233--250
\OT1/cmr/m/n/12 Innerhalb einer Tabelle kann es deswe-gen lo-gis-cher-weise nur
 einen sparse
 []


Underfull \hbox (badness 10000) in paragraph at lines 233--250

 []


Underfull \hbox (badness 10000) in paragraph at lines 233--250

 []

[11]
Overfull \hbox (1.45844pt too wide) in paragraph at lines 255--261
\OT1/cmr/m/n/12 Schneller geht es mit einem In-dex auf beide $\OML/cmm/m/it/12 
:$\OT1/cmr/m/n/12 firstname At-tribute mithilfe
 []


Underfull \hbox (badness 10000) in paragraph at lines 255--261

 []

<BplusTree.jpg, id=52, 573.64313pt x 207.02344pt>
File: BplusTree.jpg Graphic file (type jpg)
<use BplusTree.jpg>
Package pdftex.def Info: BplusTree.jpg  used on input line 263.
(pdftex.def)             Requested size: 401.54745pt x 144.9154pt.

Overfull \hbox (3.2456pt too wide) in paragraph at lines 262--285
[]\OT1/cmr/bx/n/12 Discuss $\OML/cmm/m/it/12 B[]$\OT1/cmr/bx/n/12 -tree and has
h-index. Which queries are sup-ported? 
 []


Overfull \hbox (40.92215pt too wide) in paragraph at lines 262--285
[]
 []


Overfull \hbox (9.74864pt too wide) in paragraph at lines 262--285
\OT1/cmr/m/n/12 Es ist wichtig eine m^^?oglichst kurze Key-Length zu haben um e
in m^^?oglichst
 []


Overfull \hbox (8.37616pt too wide) in paragraph at lines 262--285
\OT1/cmr/m/n/12 Anzahl an Lev-els = $[][]$(Blatt Schl^^?ussel-pointer Paare) 
 []


Underfull \hbox (badness 10000) in paragraph at lines 262--285

 []


Underfull \hbox (badness 10000) in paragraph at lines 262--285

 []


Overfull \hbox (7.85977pt too wide) in paragraph at lines 262--285
\OT1/cmr/m/n/12 Die Schl^^?ussel sind ^^?uber den ganzen Bere-ich verteilt und 
^^?ahnliche Schl^^?ussel
 []


Overfull \hbox (3.98482pt too wide) in paragraph at lines 262--285
\OT1/cmr/m/n/12 Value ist eine Bucket Num-ber die auf buck-ets zu-greift(haben 
fixe Gr^^?o^^Ye). 
 []


Underfull \hbox (badness 10000) in paragraph at lines 262--285

 []


Overfull \hbox (11.19046pt too wide) in paragraph at lines 262--285
\OML/cmm/m/it/12 B[]$\OT1/cmr/m/n/12 -tree un-terst^^?uzt so ziem-lich je-den q
uery type: point, multi-point,range,
 []


Underfull \hbox (badness 10000) in paragraph at lines 262--285

 []

[12 <./BplusTree.jpg>] [13]
Underfull \hbox (badness 10000) in paragraph at lines 292--293

 []


Overfull \hbox (5.92522pt too wide) in paragraph at lines 303--305
\OT1/cmr/m/n/12 Durchsucht jede Reihe von R nach []Ubereinstimmungen in S mithi
lfe
 []

[14]
Underfull \hbox (badness 10000) in paragraph at lines 322--325

 []


Overfull \hbox (6.3889pt too wide) in paragraph at lines 332--339
\OT1/cmr/m/n/12 Der Nachteil ist das einzelne Transak-tio-nen auf ihre com-mits
 warten
 []


Underfull \hbox (badness 10000) in paragraph at lines 332--339

 []


Overfull \hbox (11.70691pt too wide) in paragraph at lines 332--339
\OT1/cmr/m/n/12 Intervall erh^^?ohen wann eine Puffer-seite auf die Fest-platte
 geschrieben
 []

[15]
Overfull \hbox (5.41391pt too wide) in paragraph at lines 339--347
\OT1/cmr/m/n/12 fsync alle Daten er-fol-gre-ich in den per-sis-ten-ten Spe-iche
r geschrieben
 []


Overfull \hbox (8.34721pt too wide) in paragraph at lines 339--347
\OT1/cmr/m/n/12 Worst-case:keine inkon-si-tente Db, aber es k^^?onnten teile de
r Transak-
 []


Overfull \hbox (6.35835pt too wide) in paragraph at lines 339--347
\OT1/cmr/m/n/12 Das Prob-lem ist das der Client im-mer noch denkt das seine Tra
nsak-
 []


Underfull \hbox (badness 10000) in paragraph at lines 339--347

 []


Overfull \hbox (63.07108pt too wide) in paragraph at lines 347--353
\OT1/cmr/m/n/12 Kommt es zu zu-vie-len check-points kann man sich mit check-poi
nt[]warnings(30s)
 []


Underfull \hbox (badness 10000) in paragraph at lines 347--353

 []

[16]
Overfull \hbox (2.95984pt too wide) in paragraph at lines 357--362
\OT1/cmr/m/n/12 Das Ziel davon ist die Erh^^?ohung des Durch-satzes und/oder di
e Erh^^?ohung
 []


Underfull \hbox (badness 10000) in paragraph at lines 357--362

 []


Underfull \hbox (badness 10000) in paragraph at lines 363--374

 []


Overfull \hbox (15.52771pt too wide) in paragraph at lines 374--383
\OT1/cmr/m/n/12 Beim schreiben eines Daten-blocks muss dies auf alle Disks gesc
hrieben
 []


Overfull \hbox (40.58531pt too wide) in paragraph at lines 374--383
\OT1/cmr/m/n/12 ger-ade am wenig-sten aus-ge-lastet sind. Das erh^^?oht die Les
egeschwindigkeit. 
 []


Underfull \hbox (badness 10000) in paragraph at lines 374--383

 []

[17]
Underfull \hbox (badness 10000) in paragraph at lines 383--393

 []

[18]
Overfull \hbox (13.52786pt too wide) in paragraph at lines 402--411
\OT1/cmr/bx/n/12 C\OT1/cmr/m/n/12 onsistency: Die Ausf^^?uhrung von einer Trans
ak-tion in iso-la-tion garantiert
 []


Underfull \hbox (badness 10000) in paragraph at lines 402--411

 []


Underfull \hbox (badness 10000) in paragraph at lines 414--420

 []

[19]
Underfull \hbox (badness 10000) in paragraph at lines 421--425

 []


Underfull \hbox (badness 10000) in paragraph at lines 425--426

 []


Overfull \hbox (0.61401pt too wide) in paragraph at lines 440--446
\OT1/cmr/m/n/12 Dann voneinader abziehen und das was ^^?uberbleibt in seper-ate
 TRansak-
 []

[20]
Underfull \hbox (badness 10000) in paragraph at lines 449--451

 []


Underfull \hbox (badness 10000) in paragraph at lines 456--457

 []


Underfull \hbox (badness 10000) in paragraph at lines 457--458

 []

[21] (./DBT_fragenkatalog_ausarbeitung.aux) ) 
Here is how much of TeX's memory you used:
 3879 strings out of 494510
 53256 string characters out of 6176236
 118530 words of memory out of 5000000
 7500 multiletter control sequences out of 15000+600000
 13632 words of font info for 52 fonts, out of 8000000 for 9000
 36 hyphenation exceptions out of 8191
 36i,6n,32p,515b,310s stack positions out of 5000i,500n,10000p,200000b,80000s
</usr/share/texlive/texmf-dist/fon
ts/type1/public/amsfonts/cm/cmbx10.pfb></usr/share/texlive/texmf-dist/fonts/typ
e1/public/amsfonts/cm/cmbx12.pfb></usr/share/texlive/texmf-dist/fonts/type1/pub
lic/amsfonts/cm/cmbxti10.pfb></usr/share/texlive/texmf-dist/fonts/type1/public/
amsfonts/cm/cmmi12.pfb></usr/share/texlive/texmf-dist/fonts/type1/public/amsfon
ts/cm/cmmi8.pfb></usr/share/texlive/texmf-dist/fonts/type1/public/amsfonts/cm/c
mr10.pfb></usr/share/texlive/texmf-dist/fonts/type1/public/amsfonts/cm/cmr12.pf
b></usr/share/texlive/texmf-dist/fonts/type1/public/amsfonts/cm/cmr17.pfb></usr
/share/texlive/texmf-dist/fonts/type1/public/amsfonts/cm/cmr8.pfb></usr/share/t
exlive/texmf-dist/fonts/type1/public/amsfonts/cm/cmsl12.pfb></usr/share/texlive
/texmf-dist/fonts/type1/public/amsfonts/cm/cmss12.pfb></usr/share/texlive/texmf
-dist/fonts/type1/public/amsfonts/cm/cmsy10.pfb></usr/share/texlive/texmf-dist/
fonts/type1/public/amsfonts/cm/cmsy8.pfb></usr/share/texlive/texmf-dist/fonts/t
ype1/public/amsfonts/cm/cmti12.pfb></usr/share/texlive/texmf-dist/fonts/type1/p
ublic/amsfonts/cm/cmtt12.pfb>
Output written on DBT_fragenkatalog_ausarbeitung.pdf (21 pages, 372050 bytes).
PDF statistics:
 136 PDF objects out of 1000 (max. 8388607)
 93 compressed objects within 1 object stream
 0 named destinations out of 1000 (max. 500000)
 21 words of extra memory for PDF output out of 10000 (max. 10000000)

